#
# There is insufficient memory for the Java Runtime Environment to continue.
# Native memory allocation (malloc) failed to allocate 316976 bytes for Chunk::new
# Possible reasons:
#   The system is out of physical RAM or swap space
#   The process is running with CompressedOops enabled, and the Java Heap may be blocking the growth of the native heap
# Possible solutions:
#   Reduce memory load on the system
#   Increase physical memory or swap space
#   Check if swap backing store is full
#   Decrease Java heap size (-Xmx/-Xms)
#   Decrease number of Java threads
#   Decrease Java thread stack sizes (-Xss)
#   Set larger code cache with -XX:ReservedCodeCacheSize=
#   JVM is running with Zero Based Compressed Oops mode in which the Java heap is
#     placed in the first 32GB address space. The Java Heap base address is the
#     maximum limit for the native heap growth. Please use -XX:HeapBaseMinAddress
#     to set the Java Heap base and to place the Java Heap above 32GB virtual address.
# This output file may be truncated or incomplete.
#
#  Out of Memory Error (allocation.cpp:389), pid=16888, tid=0x0000000000028de8
#
# JRE version: Java(TM) SE Runtime Environment (8.0_271-b09) (build 1.8.0_271-b09)
# Java VM: Java HotSpot(TM) 64-Bit Server VM (25.271-b09 mixed mode windows-amd64 compressed oops)
# Failed to write core dump. Minidumps are not enabled by default on client versions of Windows
#

---------------  T H R E A D  ---------------

Current thread (0x000002e5b5329800):  JavaThread "C2 CompilerThread1" daemon [_thread_in_native, id=167400, stack(0x000000f4b7200000,0x000000f4b7300000)]

Stack: [0x000000f4b7200000,0x000000f4b7300000]
Native frames: (J=compiled Java code, j=interpreted, Vv=VM code, C=native code)
V  [jvm.dll+0x33f6c9]


Current CompileTask:
C2:   1295 1184   !   4       java.lang.ClassLoader::loadClass (122 bytes)


---------------  P R O C E S S  ---------------

Java Threads: ( => current thread )
  0x000002e5b77c1000 JavaThread "Service Thread" daemon [_thread_blocked, id=120496, stack(0x000000f4b7500000,0x000000f4b7600000)]
  0x000002e5b5336000 JavaThread "C1 CompilerThread3" daemon [_thread_in_native, id=55388, stack(0x000000f4b7400000,0x000000f4b7500000)]
  0x000002e5b5332800 JavaThread "C2 CompilerThread2" daemon [_thread_blocked, id=168744, stack(0x000000f4b7300000,0x000000f4b7400000)]
=>0x000002e5b5329800 JavaThread "C2 CompilerThread1" daemon [_thread_in_native, id=167400, stack(0x000000f4b7200000,0x000000f4b7300000)]
  0x000002e5b7742800 JavaThread "C2 CompilerThread0" daemon [_thread_in_native, id=52408, stack(0x000000f4b7100000,0x000000f4b7200000)]
  0x000002e5b5315800 JavaThread "Attach Listener" daemon [_thread_blocked, id=171524, stack(0x000000f4b7000000,0x000000f4b7100000)]
  0x000002e5b52ff000 JavaThread "Signal Dispatcher" daemon [_thread_blocked, id=170704, stack(0x000000f4b6f00000,0x000000f4b7000000)]
  0x000002e5b52e0000 JavaThread "Finalizer" daemon [_thread_blocked, id=79636, stack(0x000000f4b6e00000,0x000000f4b6f00000)]
  0x000002e5b52d9000 JavaThread "Reference Handler" daemon [_thread_blocked, id=168244, stack(0x000000f4b6d00000,0x000000f4b6e00000)]
  0x000002e59a5ed800 JavaThread "main" [_thread_in_vm, id=169004, stack(0x000000f4b6100000,0x000000f4b6200000)]

Other Threads:
  0x000002e5b52af000 VMThread [stack: 0x000000f4b6c00000,0x000000f4b6d00000] [id=171052]
  0x000002e5b77f6000 WatcherThread [stack: 0x000000f4b7600000,0x000000f4b7700000] [id=53888]

VM state:not at safepoint (normal execution)

VM Mutex/Monitor currently owned by a thread: None

heap address: 0x00000006c2a00000, size: 4054 MB, Compressed Oops mode: Zero based, Oop shift amount: 3
Narrow klass base: 0x0000000000000000, Narrow klass shift: 3
Compressed class space size: 1073741824 Address: 0x00000007c0000000

Heap:
 PSYoungGen      total 75776K, used 18675K [0x000000076b900000, 0x0000000770d80000, 0x00000007c0000000)
  eden space 65024K, 12% used [0x000000076b900000,0x000000076c1193f0,0x000000076f880000)
  from space 10752K, 96% used [0x000000076f880000,0x00000007702a3940,0x0000000770300000)
  to   space 10752K, 0% used [0x0000000770300000,0x0000000770300000,0x0000000770d80000)
 ParOldGen       total 173568K, used 16K [0x00000006c2a00000, 0x00000006cd380000, 0x000000076b900000)
  object space 173568K, 0% used [0x00000006c2a00000,0x00000006c2a04000,0x00000006cd380000)
 Metaspace       used 12776K, capacity 12958K, committed 13312K, reserved 1060864K
  class space    used 1580K, capacity 1672K, committed 1792K, reserved 1048576K

Card table byte_map: [0x000002e5ab410000,0x000002e5abc00000] byte_map_base: 0x000002e5a7dfb000

Marking Bits: (ParMarkBitMap*) 0x0000000059407fe0
 Begin Bits: [0x000002e5ac150000, 0x000002e5b00a8000)
 End Bits:   [0x000002e5b00a8000, 0x000002e5b4000000)

Polling page: 0x000002e59a590000

CodeCache: size=245760Kb used=4645Kb max_used=4645Kb free=241114Kb
 bounds [0x000002e59c050000, 0x000002e59c4e0000, 0x000002e5ab050000]
 total_blobs=1585 nmethods=1239 adapters=258
 compilation: enabled

Compilation events (10 events):
Event: 1.290 Thread 0x000002e5b5336000 nmethod 1200 0x000002e59c4c9050 code [0x000002e59c4c9260, 0x000002e59c4c9b60]
Event: 1.290 Thread 0x000002e5b5336000 1209       3       com.google.common.cache.LocalCache$Segment::getEntry (73 bytes)
Event: 1.290 Thread 0x000002e5b7742800 1211       4       com.google.common.base.Preconditions::checkNotNull (18 bytes)
Event: 1.290 Thread 0x000002e5b7742800 nmethod 1211 0x000002e59c474250 code [0x000002e59c474380, 0x000002e59c4743d8]
Event: 1.290 Thread 0x000002e5b5336000 nmethod 1209 0x000002e59c4cbb90 code [0x000002e59c4cbe40, 0x000002e59c4cd320]
Event: 1.290 Thread 0x000002e5b5336000 1205       3       com.google.common.cache.LocalCache$Segment::postReadCleanup (18 bytes)
Event: 1.290 Thread 0x000002e5b5336000 nmethod 1205 0x000002e59c4c3bd0 code [0x000002e59c4c3da0, 0x000002e59c4c45b0]
Event: 1.290 Thread 0x000002e5b5336000 1201       3       com.google.common.cache.LocalCache$LocalLoadingCache::get (9 bytes)
Event: 1.291 Thread 0x000002e5b5336000 nmethod 1201 0x000002e59c4cad10 code [0x000002e59c4caee0, 0x000002e59c4cb5e0]
Event: 1.291 Thread 0x000002e5b5336000 1202       3       com.google.common.cache.LocalCache::getOrLoad (10 bytes)

GC Heap History (2 events):
Event: 1.222 GC heap before
{Heap before GC invocations=1 (full 0):
 PSYoungGen      total 75776K, used 65024K [0x000000076b900000, 0x0000000770d80000, 0x00000007c0000000)
  eden space 65024K, 100% used [0x000000076b900000,0x000000076f880000,0x000000076f880000)
  from space 10752K, 0% used [0x0000000770300000,0x0000000770300000,0x0000000770d80000)
  to   space 10752K, 0% used [0x000000076f880000,0x000000076f880000,0x0000000770300000)
 ParOldGen       total 173568K, used 0K [0x00000006c2a00000, 0x00000006cd380000, 0x000000076b900000)
  object space 173568K, 0% used [0x00000006c2a00000,0x00000006c2a00000,0x00000006cd380000)
 Metaspace       used 11947K, capacity 12056K, committed 12416K, reserved 1060864K
  class space    used 1459K, capacity 1543K, committed 1664K, reserved 1048576K
Event: 1.228 GC heap after
Heap after GC invocations=1 (full 0):
 PSYoungGen      total 75776K, used 10382K [0x000000076b900000, 0x0000000770d80000, 0x00000007c0000000)
  eden space 65024K, 0% used [0x000000076b900000,0x000000076b900000,0x000000076f880000)
  from space 10752K, 96% used [0x000000076f880000,0x00000007702a3940,0x0000000770300000)
  to   space 10752K, 0% used [0x0000000770300000,0x0000000770300000,0x0000000770d80000)
 ParOldGen       total 173568K, used 16K [0x00000006c2a00000, 0x00000006cd380000, 0x000000076b900000)
  object space 173568K, 0% used [0x00000006c2a00000,0x00000006c2a04000,0x00000006cd380000)
 Metaspace       used 11947K, capacity 12056K, committed 12416K, reserved 1060864K
  class space    used 1459K, capacity 1543K, committed 1664K, reserved 1048576K
}

Deoptimization events (9 events):
Event: 0.186 Thread 0x000002e59a5ed800 Uncommon trap: reason=unstable_if action=reinterpret pc=0x000002e59c1ce558 method=sun.nio.cs.UTF_8$Encoder.encode([CII[B)I @ 33
Event: 0.931 Thread 0x000002e59a5ed800 Uncommon trap: reason=unstable_if action=reinterpret pc=0x000002e59c2e5584 method=java.util.HashMap.getNode(ILjava/lang/Object;)Ljava/util/HashMap$Node; @ 129
Event: 0.936 Thread 0x000002e59a5ed800 Uncommon trap: reason=unstable_if action=reinterpret pc=0x000002e59c2515e8 method=org.codehaus.plexus.util.xml.pull.MXParser.more()C @ 8
Event: 0.960 Thread 0x000002e59a5ed800 Uncommon trap: reason=unstable_if action=reinterpret pc=0x000002e59c33e624 method=java.nio.charset.CoderResult.isOverflow()Z @ 5
Event: 0.969 Thread 0x000002e59a5ed800 Uncommon trap: reason=unstable_if action=reinterpret pc=0x000002e59c34761c method=java.nio.charset.CoderResult.isOverflow()Z @ 5
Event: 0.977 Thread 0x000002e59a5ed800 Uncommon trap: reason=unstable_if action=reinterpret pc=0x000002e59c358024 method=java.nio.charset.CoderResult.isOverflow()Z @ 5
Event: 0.983 Thread 0x000002e59a5ed800 Uncommon trap: reason=unstable_if action=reinterpret pc=0x000002e59c352d40 method=org.codehaus.plexus.util.xml.pull.MXParser.nextImpl()I @ 241
Event: 1.016 Thread 0x000002e59a5ed800 Uncommon trap: reason=unstable_if action=reinterpret pc=0x000002e59c2f67dc method=java.util.HashMap.getNode(ILjava/lang/Object;)Ljava/util/HashMap$Node; @ 129
Event: 1.023 Thread 0x000002e59a5ed800 Uncommon trap: reason=range_check action=make_not_entrant pc=0x000002e59c3aa728 method=sun.reflect.generics.parser.SignatureParser.current()C @ 34

Classes redefined (0 events):
No events

Internal exceptions (10 events):
Event: 0.167 Thread 0x000002e59a5ed800 Exception <a 'java/security/PrivilegedActionException'> (0x000000076bd4fee8) thrown at [C:\jenkins\workspace\8-2-build-windows-amd64-cygwin\jdk8u271\605\hotspot\src\share\vm\prims\jvm.cpp, line 1512]
Event: 0.167 Thread 0x000002e59a5ed800 Exception <a 'java/security/PrivilegedActionException'> (0x000000076bd502e0) thrown at [C:\jenkins\workspace\8-2-build-windows-amd64-cygwin\jdk8u271\605\hotspot\src\share\vm\prims\jvm.cpp, line 1512]
Event: 0.168 Thread 0x000002e59a5ed800 Exception <a 'java/security/PrivilegedActionException'> (0x000000076bd543d8) thrown at [C:\jenkins\workspace\8-2-build-windows-amd64-cygwin\jdk8u271\605\hotspot\src\share\vm\prims\jvm.cpp, line 1512]
Event: 0.168 Thread 0x000002e59a5ed800 Exception <a 'java/security/PrivilegedActionException'> (0x000000076bd547d0) thrown at [C:\jenkins\workspace\8-2-build-windows-amd64-cygwin\jdk8u271\605\hotspot\src\share\vm\prims\jvm.cpp, line 1512]
Event: 0.926 Thread 0x000002e59a5ed800 Exception <a 'java/lang/ArrayIndexOutOfBoundsException'> (0x000000076ce27888) thrown at [C:\jenkins\workspace\8-2-build-windows-amd64-cygwin\jdk8u271\605\hotspot\src\share\vm\runtime\sharedRuntime.cpp, line 609]
Event: 0.927 Thread 0x000002e59a5ed800 Exception <a 'java/lang/ArrayIndexOutOfBoundsException'> (0x000000076ce432c8) thrown at [C:\jenkins\workspace\8-2-build-windows-amd64-cygwin\jdk8u271\605\hotspot\src\share\vm\runtime\sharedRuntime.cpp, line 609]
Event: 0.931 Thread 0x000002e59a5ed800 Exception <a 'java/lang/ArrayIndexOutOfBoundsException'> (0x000000076ce85610) thrown at [C:\jenkins\workspace\8-2-build-windows-amd64-cygwin\jdk8u271\605\hotspot\src\share\vm\runtime\sharedRuntime.cpp, line 609]
Event: 0.987 Thread 0x000002e59a5ed800 Exception <a 'java/lang/ArrayIndexOutOfBoundsException'> (0x000000076d82d3a8) thrown at [C:\jenkins\workspace\8-2-build-windows-amd64-cygwin\jdk8u271\605\hotspot\src\share\vm\runtime\sharedRuntime.cpp, line 609]
Event: 0.987 Thread 0x000002e59a5ed800 Exception <a 'java/lang/ArrayIndexOutOfBoundsException'> (0x000000076d82ef38) thrown at [C:\jenkins\workspace\8-2-build-windows-amd64-cygwin\jdk8u271\605\hotspot\src\share\vm\runtime\sharedRuntime.cpp, line 609]
Event: 1.023 Thread 0x000002e59a5ed800 Exception <a 'java/lang/ArrayIndexOutOfBoundsException': 66> (0x000000076db70c68) thrown at [C:\jenkins\workspace\8-2-build-windows-amd64-cygwin\jdk8u271\605\hotspot\src\share\vm\interpreter\interpreterRuntime.cpp, line 371]

Events (10 events):
Event: 1.285 loading class com/google/inject/internal/InternalFactoryToProviderAdapter
Event: 1.285 loading class com/google/inject/internal/InternalFactoryToProviderAdapter done
Event: 1.286 loading class com/google/inject/internal/FactoryProxy
Event: 1.286 loading class com/google/inject/internal/FactoryProxy done
Event: 1.286 loading class com/google/inject/internal/InternalProviderInstanceBindingImpl$Factory
Event: 1.286 loading class com/google/inject/internal/InternalProviderInstanceBindingImpl$Factory done
Event: 1.286 loading class com/google/inject/internal/InternalFactoryToInitializableAdapter
Event: 1.286 loading class com/google/inject/internal/InternalFactoryToInitializableAdapter done
Event: 1.286 loading class com/google/inject/internal/ProviderInternalFactory
Event: 1.286 loading class com/google/inject/internal/ProviderInternalFactory done


Dynamic libraries:
0x00007ff65a740000 - 0x00007ff65a787000 	C:\Program Files\Java\jdk1.8.0_271\bin\java.exe
0x00007ffcd4d00000 - 0x00007ffcd4ef0000 	C:\Windows\SYSTEM32\ntdll.dll
0x00007ffcd2db0000 - 0x00007ffcd2e62000 	C:\Windows\System32\KERNEL32.DLL
0x00007ffcd1c80000 - 0x00007ffcd1f25000 	C:\Windows\System32\KERNELBASE.dll
0x00007ffcd32f0000 - 0x00007ffcd3393000 	C:\Windows\System32\ADVAPI32.dll
0x00007ffcd4950000 - 0x00007ffcd49ee000 	C:\Windows\System32\msvcrt.dll
0x00007ffcd4770000 - 0x00007ffcd4807000 	C:\Windows\System32\sechost.dll
0x00007ffcd4b30000 - 0x00007ffcd4c4f000 	C:\Windows\System32\RPCRT4.dll
0x00007ffcd3150000 - 0x00007ffcd32e4000 	C:\Windows\System32\USER32.dll
0x00007ffcd2ce0000 - 0x00007ffcd2d01000 	C:\Windows\System32\win32u.dll
0x00007ffcd35f0000 - 0x00007ffcd3616000 	C:\Windows\System32\GDI32.dll
0x00007ffcd1f80000 - 0x00007ffcd2118000 	C:\Windows\System32\gdi32full.dll
0x00007ffcd2d10000 - 0x00007ffcd2dae000 	C:\Windows\System32\msvcp_win.dll
0x00007ffcd2330000 - 0x00007ffcd242a000 	C:\Windows\System32\ucrtbase.dll
0x00007ffcbd2a0000 - 0x00007ffcbd524000 	C:\Windows\WinSxS\amd64_microsoft.windows.common-controls_6595b64144ccf1df_6.0.18362.1316_none_9e7a364fe461dbd7\COMCTL32.dll
0x00007ffcd4430000 - 0x00007ffcd4767000 	C:\Windows\System32\combase.dll
0x00007ffcd2150000 - 0x00007ffcd21d1000 	C:\Windows\System32\bcryptPrimitives.dll
0x00007ffcd4920000 - 0x00007ffcd494e000 	C:\Windows\System32\IMM32.DLL
0x00007ffcc0970000 - 0x00007ffcc0985000 	C:\Program Files\Java\jdk1.8.0_271\jre\bin\vcruntime140.dll
0x00007ffca0410000 - 0x00007ffca04ab000 	C:\Program Files\Java\jdk1.8.0_271\jre\bin\msvcp140.dll
0x0000000058c10000 - 0x000000005947f000 	C:\Program Files\Java\jdk1.8.0_271\jre\bin\server\jvm.dll
0x00007ffcd4880000 - 0x00007ffcd4888000 	C:\Windows\System32\PSAPI.DLL
0x00007ffcc97e0000 - 0x00007ffcc9804000 	C:\Windows\SYSTEM32\WINMM.dll
0x00007ffcc5d20000 - 0x00007ffcc5d2a000 	C:\Windows\SYSTEM32\VERSION.dll
0x00007ffcb6590000 - 0x00007ffcb6599000 	C:\Windows\SYSTEM32\WSOCK32.dll
0x00007ffcd4c50000 - 0x00007ffcd4cbf000 	C:\Windows\System32\WS2_32.dll
0x00007ffcc97b0000 - 0x00007ffcc97dd000 	C:\Windows\SYSTEM32\winmmbase.dll
0x00007ffcd1f30000 - 0x00007ffcd1f7a000 	C:\Windows\System32\cfgmgr32.dll
0x00007ffcd1c60000 - 0x00007ffcd1c71000 	C:\Windows\System32\kernel.appcore.dll
0x00007ffccab10000 - 0x00007ffccab20000 	C:\Program Files\Java\jdk1.8.0_271\jre\bin\verify.dll
0x00007ffcb8030000 - 0x00007ffcb805b000 	C:\Program Files\Java\jdk1.8.0_271\jre\bin\java.dll
0x00007ffcb92b0000 - 0x00007ffcb92c8000 	C:\Program Files\Java\jdk1.8.0_271\jre\bin\zip.dll
0x00007ffcd3c70000 - 0x00007ffcd4358000 	C:\Windows\System32\SHELL32.dll
0x00007ffcd36f0000 - 0x00007ffcd3797000 	C:\Windows\System32\shcore.dll
0x00007ffcd2450000 - 0x00007ffcd2bcb000 	C:\Windows\System32\windows.storage.dll
0x00007ffcd1c30000 - 0x00007ffcd1c53000 	C:\Windows\System32\profapi.dll
0x00007ffcd1bc0000 - 0x00007ffcd1c0a000 	C:\Windows\System32\powrprof.dll
0x00007ffcd1bb0000 - 0x00007ffcd1bc0000 	C:\Windows\System32\UMPDC.dll
0x00007ffcd33a0000 - 0x00007ffcd33f2000 	C:\Windows\System32\shlwapi.dll
0x00007ffcd2430000 - 0x00007ffcd2447000 	C:\Windows\System32\cryptsp.dll
0x00007ffcd0f70000 - 0x00007ffcd0fa3000 	C:\Windows\system32\rsaenh.dll
0x00007ffcd2120000 - 0x00007ffcd2146000 	C:\Windows\System32\bcrypt.dll
0x00007ffcd1ad0000 - 0x00007ffcd1af5000 	C:\Windows\SYSTEM32\USERENV.dll
0x00007ffcd15c0000 - 0x00007ffcd15cc000 	C:\Windows\SYSTEM32\CRYPTBASE.dll
0x00007ffcb9280000 - 0x00007ffcb929c000 	C:\Program Files\Java\jdk1.8.0_271\jre\bin\net.dll
0x00007ffcd13f0000 - 0x00007ffcd1457000 	C:\Windows\system32\mswsock.dll
0x00007ffcd1100000 - 0x00007ffcd113a000 	C:\Windows\SYSTEM32\IPHLPAPI.DLL
0x00007ffcd4910000 - 0x00007ffcd4918000 	C:\Windows\System32\NSI.dll
0x00007ffcc6660000 - 0x00007ffcc6676000 	C:\Windows\SYSTEM32\dhcpcsvc6.DLL
0x00007ffcc6590000 - 0x00007ffcc65ac000 	C:\Windows\SYSTEM32\dhcpcsvc.DLL
0x00007ffcd1140000 - 0x00007ffcd120b000 	C:\Windows\SYSTEM32\DNSAPI.dll
0x00007ffcb8010000 - 0x00007ffcb8023000 	C:\Program Files\Java\jdk1.8.0_271\jre\bin\nio.dll
0x00007ffcb8000000 - 0x00007ffcb800a000 	E:\Temp\jansi-1.17.1-8247867983709291573.dll
0x00007ffcb7e40000 - 0x00007ffcb7e4a000 	E:\Temp\jansi-1.17.1-9206503279503030014.dll

VM Arguments:
jvm_args: -Dmaven.multiModuleProjectDirectory=F:\ÏîÄ¿´úÂë\course\system -Dmaven.home=D:\idea2020\normal\ideaIU-2020.2.3.win\plugins\maven\lib\maven3 -Dclassworlds.conf=D:\idea2020\normal\ideaIU-2020.2.3.win\plugins\maven\lib\maven3\bin\m2.conf -Dmaven.ext.class.path=D:\idea2020\normal\ideaIU-2020.2.3.win\plugins\maven\lib\maven-event-listener.jar -Dfile.encoding=UTF-8 
java_command: org.codehaus.classworlds.Launcher -Didea.version=2020.2.3 -s D:\Maven\setup\apache-maven-3.6.3\conf\settings.xml install
java_class_path (initial): D:\idea2020\normal\ideaIU-2020.2.3.win\plugins\maven\lib\maven3\boot\plexus-classworlds-2.6.0.jar;D:\idea2020\normal\ideaIU-2020.2.3.win\plugins\maven\lib\maven3\boot\plexus-classworlds.license
Launcher Type: SUN_STANDARD

Environment Variables:
JAVA_HOME=C:\Program Files\Java\jdk1.7.0_71
CLASSPATH=.;C:\Program Files\Java\jdk1.7.0_71\lib;C:\Program Files\Java\jdk1.7.0_71\lib\tools.jar
PATH=C:\Program Files (x86)\Common Files\Oracle\Java\javapath;C:\Program Files (x86)\Common Files\NetSarang;C:\Windows\system32;C:\Windows;C:\Windows\System32\Wbem;C:\Windows\System32\WindowsPowerShell\v1.0\;C:\Windows\System32\OpenSSH\;C:\Program Files (x86)\NVIDIA Corporation\PhysX\Common;C:\Program Files\NVIDIA Corporation\NVIDIA NvDLISR;C:\Program Files\Java\jdk1.7.0_71\bin;C:\Program Files\Java\jre7\bin;C:\Program Files\dotnet\;C:\Program Files\Microsoft SQL Server\130\Tools\Binn\;C:\Program Files\Microsoft SQL Server\Client SDK\ODBC\170\Tools\Binn\;D:\Maven\setup\apache-maven-3.6.3\bin;D:\spark\setup\spark-3.0.0-preview2-bin-hadoop2.7\bin;D:\Hadoop\setup\usr\hadoop-2.6.5\bin;D:\matlab\setup\setmatlab\runtime\win64;D:\matlab\setup\setmatlab\bin;D:\matlab\setup\setmatlab\polyspace\bin;D:\scala\scaTwo\scala-2.11.8\bin;C:\Program Files\Java\jdk1.8.0\bin;C:\Program Files\Java\jre8\bin;C:\Program Files\Microsoft VS Code\bin;C:\Program Files\Git\cmd;C:\Program Files\nodejs\;D:\Anaconada\set;D:\Anaconada\set\Library\mingw-w64\bin;D:\Anaconada\set\Library\usr\bin;D:\Anaconada\set\Library\bin;D:\Anaconada\set\Scripts;D:\python\pythonsetup\Scripts\;D:\python\pythonsetup\;C:\Users\DELL\AppData\Local\Microsoft\WindowsApps;D:\VisualStudioCode\set\Microsoft VS Code\bin;D:\Program Files\JetBrains\PyCharm 2020.2.3\bin;;C:\Users\DELL\AppData\Local\GitHubDesktop\bin;C:\Users\DELL\AppData\Roaming\npm
USERNAME=DELL
OS=Windows_NT
PROCESSOR_IDENTIFIER=Intel64 Family 6 Model 158 Stepping 10, GenuineIntel



---------------  S Y S T E M  ---------------

OS: Windows 10.0 , 64 bit Build 18362 (10.0.18362.1316)

CPU:total 12 (initial active 12) (6 cores per cpu, 2 threads per core) family 6 model 158 stepping 10, cmov, cx8, fxsr, mmx, sse, sse2, sse3, ssse3, sse4.1, sse4.2, popcnt, avx, avx2, aes, clmul, erms, 3dnowpref, lzcnt, ht, tsc, tscinvbit, bmi1, bmi2, adx

Memory: 4k page, physical 16602764k(3415640k free), swap 20797068k(5148k free)

vm_info: Java HotSpot(TM) 64-Bit Server VM (25.271-b09) for windows-amd64 JRE (1.8.0_271-b09), built on Sep 16 2020 19:14:59 by "" with MS VC++ 15.9 (VS2017)

time: Tue Feb  2 22:33:18 2021
timezone: ?D1¨²¡À¨º¡Á?¨º¡À??
elapsed time: 1.300074 seconds (0d 0h 0m 1s)

